c:\users\gfy\documents\visual studio 2013\projects\cdspm\cdspm\debug\vc120.pdb
c:\users\gfy\documents\visual studio 2013\projects\cdspm\cdspm\debug\vc120.idb
c:\users\gfy\documents\visual studio 2013\projects\cdspm\cdspm\debug\main.obj
c:\users\gfy\documents\visual studio 2013\projects\cdspm\cdspm\debug\read_data.obj
c:\users\gfy\documents\visual studio 2013\projects\cdspm\cdspm\debug\create_patterns.obj
c:\users\gfy\documents\visual studio 2013\projects\cdspm\cdspm\debug\execute.obj
c:\users\gfy\documents\visual studio 2013\projects\cdspm\cdspm\debug\generate_candidates.obj
c:\users\gfy\documents\visual studio 2013\projects\cdspm\cdspm\debug\count_candidates.obj
c:\users\gfy\documents\visual studio 2013\projects\cdspm\cdspm\debug\generate_cdsps.obj
c:\users\gfy\documents\visual studio 2013\projects\cdspm\debug\cdspm.ilk
c:\users\gfy\documents\visual studio 2013\projects\cdspm\debug\cdspm.exe
c:\users\gfy\documents\visual studio 2013\projects\cdspm\debug\cdspm.pdb
c:\users\gfy\documents\visual studio 2013\projects\cdspm\cdspm\debug\cdspm.tlog\cl.command.1.tlog
c:\users\gfy\documents\visual studio 2013\projects\cdspm\cdspm\debug\cdspm.tlog\cl.read.1.tlog
c:\users\gfy\documents\visual studio 2013\projects\cdspm\cdspm\debug\cdspm.tlog\cl.write.1.tlog
c:\users\gfy\documents\visual studio 2013\projects\cdspm\cdspm\debug\cdspm.tlog\link-cvtres.read.1.tlog
c:\users\gfy\documents\visual studio 2013\projects\cdspm\cdspm\debug\cdspm.tlog\link-cvtres.write.1.tlog
c:\users\gfy\documents\visual studio 2013\projects\cdspm\cdspm\debug\cdspm.tlog\link-rc.read.1.tlog
c:\users\gfy\documents\visual studio 2013\projects\cdspm\cdspm\debug\cdspm.tlog\link-rc.write.1.tlog
c:\users\gfy\documents\visual studio 2013\projects\cdspm\cdspm\debug\cdspm.tlog\link.161764-cvtres.read.1.tlog
c:\users\gfy\documents\visual studio 2013\projects\cdspm\cdspm\debug\cdspm.tlog\link.161764-cvtres.write.1.tlog
c:\users\gfy\documents\visual studio 2013\projects\cdspm\cdspm\debug\cdspm.tlog\link.161764-rc.read.1.tlog
c:\users\gfy\documents\visual studio 2013\projects\cdspm\cdspm\debug\cdspm.tlog\link.161764-rc.write.1.tlog
c:\users\gfy\documents\visual studio 2013\projects\cdspm\cdspm\debug\cdspm.tlog\link.161764.read.1.tlog
c:\users\gfy\documents\visual studio 2013\projects\cdspm\cdspm\debug\cdspm.tlog\link.161764.write.1.tlog
c:\users\gfy\documents\visual studio 2013\projects\cdspm\cdspm\debug\cdspm.tlog\link.command.1.tlog
c:\users\gfy\documents\visual studio 2013\projects\cdspm\cdspm\debug\cdspm.tlog\link.read.1.tlog
c:\users\gfy\documents\visual studio 2013\projects\cdspm\cdspm\debug\cdspm.tlog\link.write.1.tlog
